<?xml version="1.0" encoding="UTF-8"?>
<!-- Generated by org.testng.reporters.JUnitReportReporter -->
<testsuite skipped="0" hostname="LopezMobile" name="Illustrator.VerifyProductsPerState" tests="1" failures="0" timestamp="25 Sep 2017 16:56:34 GMT" time="2.823" errors="0">
  <testcase name="ALProduct" time="2.823" classname="Illustrator.VerifyProductsPerState"/>
</testsuite> <!-- Illustrator.VerifyProductsPerState -->
